<?xml version="1.0" encoding="UTF-8"?>
<testng-results skipped="0" failed="0" total="3" passed="3">
  <reporter-output>
  </reporter-output>
  <suite name="Command line suite" duration-ms="62" started-at="2017-07-10T04:21:37Z" finished-at="2017-07-10T04:21:37Z">
    <groups>
    </groups>
    <test name="Command line test" duration-ms="62" started-at="2017-07-10T04:21:37Z" finished-at="2017-07-10T04:21:37Z">
      <class name="SAMPLE.AppTest">
        <test-method status="PASS" signature="a()[pri:0, instance:SAMPLE.AppTest@174d20a]" name="a" duration-ms="16" started-at="2017-07-10T09:51:37Z" finished-at="2017-07-10T09:51:37Z">
          <reporter-output>
          </reporter-output>
        </test-method> <!-- a -->
      </class> <!-- SAMPLE.AppTest -->
      <class name="SAMPLE.TestA">
        <test-method status="PASS" signature="Login()[pri:0, instance:SAMPLE.TestA@15be6bb]" name="Login" duration-ms="15" started-at="2017-07-10T09:51:37Z" finished-at="2017-07-10T09:51:37Z">
          <reporter-output>
          </reporter-output>
        </test-method> <!-- Login -->
        <test-method status="PASS" signature="Changepassword()[pri:0, instance:SAMPLE.TestA@15be6bb]" name="Changepassword" duration-ms="0" started-at="2017-07-10T09:51:37Z" finished-at="2017-07-10T09:51:37Z">
          <reporter-output>
          </reporter-output>
        </test-method> <!-- Changepassword -->
      </class> <!-- SAMPLE.TestA -->
    </test> <!-- Command line test -->
  </suite> <!-- Command line suite -->
</testng-results>
